Log file open, 01/10/24 16:05:19
LogInit:Display: Running engine for game: Pinball
LogPlatformFile: Not using cached read wrapper
LogInit:Display: RandInit(-1353360797) SRandInit(-1353360797).
LogTaskGraph: Started task graph with 5 named threads and 10 total threads with 1 sets of task threads.
LogStats: Stats thread started at 0.169664
LogPluginManager: Loaded Plugin Paper2D, From D:/UE_4.14/Engine/Plugins/2D/Paper2D/Paper2D.uplugin
LogPluginManager: Loaded Plugin LightPropagationVolume, From D:/UE_4.14/Engine/Plugins/Blendables/LightPropagationVolume/LightPropagationVolume.uplugin
LogPluginManager: Loaded Plugin BlankPlugin, From D:/UE_4.14/Engine/Plugins/Developer/BlankPlugin/BlankPlugin.uplugin
LogPluginManager: Loaded Plugin CodeLiteSourceCodeAccess, From D:/UE_4.14/Engine/Plugins/Developer/CodeLiteSourceCodeAccess/CodeLiteSourceCodeAccess.uplugin
LogPluginManager: Loaded Plugin GitSourceControl, From D:/UE_4.14/Engine/Plugins/Developer/GitSourceControl/GitSourceControl.uplugin
LogPluginManager: Loaded Plugin KDevelopSourceCodeAccess, From D:/UE_4.14/Engine/Plugins/Developer/KDevelopSourceCodeAccess/KDevelopSourceCodeAccess.uplugin
LogPluginManager: Loaded Plugin NullSourceCodeAccess, From D:/UE_4.14/Engine/Plugins/Developer/NullSourceCodeAccess/NullSourceCodeAccess.uplugin
LogPluginManager: Loaded Plugin OneSkyLocalizationService, From D:/UE_4.14/Engine/Plugins/Developer/OneSkyLocalizationService/OneSkyLocalizationService.uplugin
LogPluginManager: Loaded Plugin PerforceSourceControl, From D:/UE_4.14/Engine/Plugins/Developer/PerforceSourceControl/PerforceSourceControl.uplugin
LogPluginManager: Loaded Plugin SubversionSourceControl, From D:/UE_4.14/Engine/Plugins/Developer/SubversionSourceControl/SubversionSourceControl.uplugin
LogPluginManager: Loaded Plugin UObjectPlugin, From D:/UE_4.14/Engine/Plugins/Developer/UObjectPlugin/UObjectPlugin.uplugin
LogPluginManager: Loaded Plugin VisualStudioSourceCodeAccess, From D:/UE_4.14/Engine/Plugins/Developer/VisualStudioSourceCodeAccess/VisualStudioSourceCodeAccess.uplugin
LogPluginManager: Loaded Plugin XCodeSourceCodeAccess, From D:/UE_4.14/Engine/Plugins/Developer/XCodeSourceCodeAccess/XCodeSourceCodeAccess.uplugin
LogPluginManager: Loaded Plugin AudioCapture, From D:/UE_4.14/Engine/Plugins/Editor/AudioCapture/AudioCapture.uplugin
LogPluginManager: Loaded Plugin EpicSurvey, From D:/UE_4.14/Engine/Plugins/Editor/EpicSurvey/EpicSurvey.uplugin
LogPluginManager: Loaded Plugin MacGraphicsSwitching, From D:/UE_4.14/Engine/Plugins/Editor/MacGraphicsSwitching/MacGraphicsSwitching.uplugin
LogPluginManager: Loaded Plugin MobileLauncherProfileWizard, From D:/UE_4.14/Engine/Plugins/Editor/MobileLauncherProfileWizard/MobileLauncherProfileWizard.uplugin
LogPluginManager: Loaded Plugin PluginBrowser, From D:/UE_4.14/Engine/Plugins/Editor/PluginBrowser/PluginBrowser.uplugin
LogPluginManager: Loaded Plugin SpeedTreeImporter, From D:/UE_4.14/Engine/Plugins/Editor/SpeedTreeImporter/SpeedTreeImporter.uplugin
LogPluginManager: Loaded Plugin SuperSearchEditor, From D:/UE_4.14/Engine/Plugins/Editor/SuperSearchEditor/SuperSearchEditor.uplugin
LogPluginManager: Loaded Plugin AlembicImporter, From D:/UE_4.14/Engine/Plugins/Experimental/AlembicImporter/AlembicImporter.uplugin
LogPluginManager: Loaded Plugin BlueprintStats, From D:/UE_4.14/Engine/Plugins/Experimental/BlueprintStats/BlueprintStats.uplugin
LogPluginManager: Loaded Plugin CharacterAI, From D:/UE_4.14/Engine/Plugins/Experimental/CharacterAI/CharacterAI.uplugin
LogPluginManager: Loaded Plugin CodeEditor, From D:/UE_4.14/Engine/Plugins/Experimental/CodeEditor/CodeEditor.uplugin
LogPluginManager: Loaded Plugin CodeView, From D:/UE_4.14/Engine/Plugins/Experimental/CodeView/CodeView.uplugin
LogPluginManager: Loaded Plugin HTML5Networking, From D:/UE_4.14/Engine/Plugins/Experimental/HTML5Networking/HTML5Networking.uplugin
LogPluginManager: Loaded Plugin OSVR, From D:/UE_4.14/Engine/Plugins/Experimental/OSVR/OSVR.uplugin
LogPluginManager: Loaded Plugin Phya, From D:/UE_4.14/Engine/Plugins/Experimental/Phya/Phya.uplugin
LogPluginManager: Loaded Plugin SignificanceManager, From D:/UE_4.14/Engine/Plugins/Experimental/SignificanceManager/SignificanceManager.uplugin
LogPluginManager: Loaded Plugin SimpleHMD, From D:/UE_4.14/Engine/Plugins/Experimental/SimpleHMD/SimpleHMD.uplugin
LogPluginManager: Loaded Plugin StereoPanorama, From D:/UE_4.14/Engine/Plugins/Experimental/StereoPanorama/StereoPanorama.uplugin
LogPluginManager: Loaded Plugin StructBox, From D:/UE_4.14/Engine/Plugins/Experimental/StructBox/StructBox.uplugin
LogPluginManager: Loaded Plugin AndroidMedia, From D:/UE_4.14/Engine/Plugins/Media/AndroidMedia/AndroidMedia.uplugin
LogPluginManager: Loaded Plugin AvfMedia, From D:/UE_4.14/Engine/Plugins/Media/AvfMedia/AvfMedia.uplugin
LogPluginManager: Loaded Plugin MediaPlayerEditor, From D:/UE_4.14/Engine/Plugins/Media/MediaPlayerEditor/MediaPlayerEditor.uplugin
LogPluginManager: Loaded Plugin WmfMedia, From D:/UE_4.14/Engine/Plugins/Media/WmfMedia/WmfMedia.uplugin
LogPluginManager: Loaded Plugin MessagingDebugger, From D:/UE_4.14/Engine/Plugins/Messaging/MessagingDebugger/MessagingDebugger.uplugin
LogPluginManager: Loaded Plugin TcpMessaging, From D:/UE_4.14/Engine/Plugins/Messaging/TcpMessaging/TcpMessaging.uplugin
LogPluginManager: Loaded Plugin UdpMessaging, From D:/UE_4.14/Engine/Plugins/Messaging/UdpMessaging/UdpMessaging.uplugin
LogPluginManager: Loaded Plugin LevelSequenceEditor, From D:/UE_4.14/Engine/Plugins/MovieScene/LevelSequenceEditor/LevelSequenceEditor.uplugin
LogPluginManager: Loaded Plugin MatineeToLevelSequence, From D:/UE_4.14/Engine/Plugins/MovieScene/MatineeToLevelSequence/MatineeToLevelSequence.uplugin
LogPluginManager: Loaded Plugin NetcodeUnitTest, From D:/UE_4.14/Engine/Plugins/NetcodeUnitTest/NetcodeUnitTest/NetcodeUnitTest.uplugin
LogPluginManager: Loaded Plugin NUTUnrealEngine4, From D:/UE_4.14/Engine/Plugins/NetcodeUnitTest/NUTUnrealEngine4/NUTUnrealEngine4.uplugin
LogPluginManager: Loaded Plugin OnlineSubsystemGameCircle, From D:/UE_4.14/Engine/Plugins/Online/Android/OnlineSubsystemGameCircle/OnlineSubsystemGameCircle.uplugin
LogPluginManager: Loaded Plugin OnlineSubsystemGooglePlay, From D:/UE_4.14/Engine/Plugins/Online/Android/OnlineSubsystemGooglePlay/OnlineSubsystemGooglePlay.uplugin
LogPluginManager: Loaded Plugin OnlineSubsystemIOS, From D:/UE_4.14/Engine/Plugins/Online/IOS/OnlineSubsystemIOS/OnlineSubsystemIOS.uplugin
LogPluginManager: Loaded Plugin OnlineFramework, From D:/UE_4.14/Engine/Plugins/Online/OnlineFramework/OnlineFramework.uplugin
LogPluginManager: Loaded Plugin OnlineSubsystem, From D:/UE_4.14/Engine/Plugins/Online/OnlineSubsystem/OnlineSubsystem.uplugin
LogPluginManager: Loaded Plugin OnlineSubsystemAmazon, From D:/UE_4.14/Engine/Plugins/Online/OnlineSubsystemAmazon/OnlineSubsystemAmazon.uplugin
LogPluginManager: Loaded Plugin OnlineSubsystemFacebook, From D:/UE_4.14/Engine/Plugins/Online/OnlineSubsystemFacebook/OnlineSubsystemFacebook.uplugin
LogPluginManager: Loaded Plugin OnlineSubsystemNull, From D:/UE_4.14/Engine/Plugins/Online/OnlineSubsystemNull/OnlineSubsystemNull.uplugin
LogPluginManager: Loaded Plugin OnlineSubsystemOculus, From D:/UE_4.14/Engine/Plugins/Online/OnlineSubsystemOculus/OnlineSubsystemOculus.uplugin
LogPluginManager: Loaded Plugin OnlineSubsystemSteam, From D:/UE_4.14/Engine/Plugins/Online/OnlineSubsystemSteam/OnlineSubsystemSteam.uplugin
LogPluginManager: Loaded Plugin OnlineSubsystemUtils, From D:/UE_4.14/Engine/Plugins/Online/OnlineSubsystemUtils/OnlineSubsystemUtils.uplugin
LogPluginManager: Loaded Plugin IOSTapJoy, From D:/UE_4.14/Engine/Plugins/Runtime/Advertising/IOSTapJoy/IOSTapJoy.uplugin
LogPluginManager: Loaded Plugin AnalyticsBlueprintLibrary, From D:/UE_4.14/Engine/Plugins/Runtime/Analytics/AnalyticsBlueprintLibrary/AnalyticsBlueprintLibrary.uplugin
LogPluginManager: Loaded Plugin AnalyticsMulticast, From D:/UE_4.14/Engine/Plugins/Runtime/Analytics/AnalyticsMulticast/AnalyticsMulticast.uplugin
LogPluginManager: Loaded Plugin Apsalar, From D:/UE_4.14/Engine/Plugins/Runtime/Analytics/Apsalar/Apsalar.uplugin
LogPluginManager: Loaded Plugin FileLogging, From D:/UE_4.14/Engine/Plugins/Runtime/Analytics/FileLogging/FileLogging.uplugin
LogPluginManager: Loaded Plugin Flurry, From D:/UE_4.14/Engine/Plugins/Runtime/Analytics/Flurry/Flurry.uplugin
LogPluginManager: Loaded Plugin AndroidDeviceProfileSelector, From D:/UE_4.14/Engine/Plugins/Runtime/AndroidDeviceProfileSelector/AndroidDeviceProfileSelector.uplugin
LogPluginManager: Loaded Plugin AndroidMoviePlayer, From D:/UE_4.14/Engine/Plugins/Runtime/AndroidMoviePlayer/AndroidMoviePlayer.uplugin
LogPluginManager: Loaded Plugin AppleMoviePlayer, From D:/UE_4.14/Engine/Plugins/Runtime/AppleMoviePlayer/AppleMoviePlayer.uplugin
LogPluginManager: Loaded Plugin ArchVisCharacter, From D:/UE_4.14/Engine/Plugins/Runtime/ArchVisCharacter/ArchVisCharacter.uplugin
LogPluginManager: Loaded Plugin CableComponent, From D:/UE_4.14/Engine/Plugins/Runtime/CableComponent/CableComponent.uplugin
LogPluginManager: Loaded Plugin CustomMeshComponent, From D:/UE_4.14/Engine/Plugins/Runtime/CustomMeshComponent/CustomMeshComponent.uplugin
LogPluginManager: Loaded Plugin ExampleDeviceProfileSelector, From D:/UE_4.14/Engine/Plugins/Runtime/ExampleDeviceProfileSelector/ExampleDeviceProfileSelector.uplugin
LogPluginManager: Loaded Plugin GearVR, From D:/UE_4.14/Engine/Plugins/Runtime/GearVR/GearVR.uplugin
LogPluginManager: Loaded Plugin GoogleVRController, From D:/UE_4.14/Engine/Plugins/Runtime/GoogleVR/GoogleVRController/GoogleVRController.uplugin
LogPluginManager: Loaded Plugin GoogleVRHMD, From D:/UE_4.14/Engine/Plugins/Runtime/GoogleVR/GoogleVRHMD/GoogleVRHMD.uplugin
LogPluginManager: Loaded Plugin IOSDeviceProfileSelector, From D:/UE_4.14/Engine/Plugins/Runtime/IOSDeviceProfileSelector/IOSDeviceProfileSelector.uplugin
LogPluginManager: Loaded Plugin LeapMotion, From D:/UE_4.14/Engine/Plugins/Runtime/LeapMotion/LeapMotion.uplugin
LogPluginManager: Loaded Plugin LinuxDeviceProfileSelector, From D:/UE_4.14/Engine/Plugins/Runtime/LinuxDeviceProfileSelector/LinuxDeviceProfileSelector.uplugin
LogPluginManager: Loaded Plugin MIDIDevice, From D:/UE_4.14/Engine/Plugins/Runtime/MIDIDevice/MIDIDevice.uplugin
LogPluginManager: Loaded Plugin MobilePatchingUtils, From D:/UE_4.14/Engine/Plugins/Runtime/MobilePatchingUtils/MobilePatchingUtils.uplugin
LogPluginManager: Loaded Plugin Ansel, From D:/UE_4.14/Engine/Plugins/Runtime/Nvidia/Ansel/Ansel.uplugin
LogPluginManager: Loaded Plugin OculusAudio, From D:/UE_4.14/Engine/Plugins/Runtime/OculusAudio/OculusAudio.uplugin
LogPluginManager: Loaded Plugin OculusInput, From D:/UE_4.14/Engine/Plugins/Runtime/OculusInput/OculusInput.uplugin
LogPluginManager: Loaded Plugin OculusLibrary, From D:/UE_4.14/Engine/Plugins/Runtime/OculusLibrary/OculusLibrary.uplugin
LogPluginManager: Loaded Plugin OculusRift, From D:/UE_4.14/Engine/Plugins/Runtime/OculusRift/OculusRift.uplugin
LogPluginManager: Loaded Plugin Oodle, From D:/UE_4.14/Engine/Plugins/Runtime/PacketHandlers/CompressionComponents/Oodle/Oodle.uplugin
LogPluginManager: Loaded Plugin ProceduralMeshComponent, From D:/UE_4.14/Engine/Plugins/Runtime/ProceduralMeshComponent/ProceduralMeshComponent.uplugin
LogPluginManager: Loaded Plugin SoundMod, From D:/UE_4.14/Engine/Plugins/Runtime/SoundMod/SoundMod.uplugin
LogPluginManager: Loaded Plugin SoundVisualizations, From D:/UE_4.14/Engine/Plugins/Runtime/SoundVisualizations/SoundVisualizations.uplugin
LogPluginManager: Loaded Plugin SteamController, From D:/UE_4.14/Engine/Plugins/Runtime/Steam/SteamController/SteamController.uplugin
LogPluginManager: Loaded Plugin SteamVR, From D:/UE_4.14/Engine/Plugins/Runtime/Steam/SteamVR/SteamVR.uplugin
LogPluginManager: Loaded Plugin WebBrowserWidget, From D:/UE_4.14/Engine/Plugins/Runtime/WebBrowserWidget/WebBrowserWidget.uplugin
LogPluginManager: Loaded Plugin WindowsDeviceProfileSelector, From D:/UE_4.14/Engine/Plugins/Runtime/WindowsDeviceProfileSelector/WindowsDeviceProfileSelector.uplugin
LogPluginManager: Loaded Plugin WindowsMoviePlayer, From D:/UE_4.14/Engine/Plugins/Runtime/WindowsMoviePlayer/WindowsMoviePlayer.uplugin
LogPluginManager: Loaded Plugin ScriptPlugin, From D:/UE_4.14/Engine/Plugins/ScriptPlugin/ScriptPlugin.uplugin
LogPluginManager: Loaded Plugin SlateRemote, From D:/UE_4.14/Engine/Plugins/Slate/SlateRemote/SlateRemote.uplugin
LogPluginManager: Loaded Plugin EditorTests, From D:/UE_4.14/Engine/Plugins/Tests/EditorTests/EditorTests.uplugin
LogPluginManager: Loaded Plugin FbxAutomationTestBuilder, From D:/UE_4.14/Engine/Plugins/Tests/FbxAutomationTestBuilder/FbxAutomationTestBuilder.uplugin
LogPluginManager: Loaded Plugin FunctionalTestingEditor, From D:/UE_4.14/Engine/Plugins/Tests/FunctionalTestingEditor/FunctionalTestingEditor.uplugin
LogPluginManager: Loaded Plugin RuntimeTests, From D:/UE_4.14/Engine/Plugins/Tests/RuntimeTests/RuntimeTests.uplugin
LogPluginManager: Loaded Plugin ScreenshotTools, From D:/UE_4.14/Engine/Plugins/Tests/ScreenshotTools/ScreenshotTools.uplugin
LogInit: Using libcurl 7.47.1
LogInit:  - built for x86_64-pc-win32
LogInit:  - supports SSL with OpenSSL/1.0.2g
LogInit:  - supports HTTP deflate (compression) using libz 1.2.8
LogInit:  - other features:
LogInit:      CURL_VERSION_SSL
LogInit:      CURL_VERSION_LIBZ
LogInit:      CURL_VERSION_IPV6
LogInit:      CURL_VERSION_ASYNCHDNS
LogInit:      CURL_VERSION_LARGEFILE
LogInit:      CURL_VERSION_IDN
LogInit:  CurlRequestOptions (configurable via config and command line):
LogInit:  - bVerifyPeer = false  - Libcurl will NOT verify peer certificate
LogInit:  - bUseHttpProxy = false  - Libcurl will NOT use HTTP proxy
LogInit:  - bDontReuseConnections = false  - Libcurl will reuse connections
LogInit:  - CertBundlePath = nullptr  - Libcurl will use whatever was configured at build time.
LogInit: Build: ++UE4+Release-4.14-CL-3249277
LogInit: Engine Version: 4.14.3-3249277+++UE4+Release-4.14
LogInit: Compatible Engine Version: 4.14.0-3195953+++UE4+Release-4.14
LogInit: Net CL: 3195953
LogDevObjectVersion: Number of dev versions registered: 13
LogDevObjectVersion:   Dev-Blueprints (B0D832E4-1F89-4F0D-ACCF-7EB736FD4AA2): 7
LogDevObjectVersion:   Dev-Build (E1C64328-A22C-4D53-A36C-8E866417BD8C): 0
LogDevObjectVersion:   Dev-Core (375EC13C-06E4-48FB-B500-84F0262A717E): 1
LogDevObjectVersion:   Dev-Editor (E4B068ED-F494-42E9-A231-DA0B2E46BB41): 8
LogDevObjectVersion:   Dev-Framework (CFFC743F-43B0-4480-9391-14DF171D2073): 17
LogDevObjectVersion:   Dev-Mobile (B02B49B5-BB20-44E9-A304-32B752E40360): 0
LogDevObjectVersion:   Dev-Networking (A4E4105C-59A1-49B5-A7C5-40C4547EDFEE): 0
LogDevObjectVersion:   Dev-Online (39C831C9-5AE6-47DC-9A44-9C173E1C8E7C): 0
LogDevObjectVersion:   Dev-Physics (78F01B33-EBEA-4F98-B9B4-84EACCB95AA2): 0
LogDevObjectVersion:   Dev-Platform (6631380F-2D4D-43E0-8009-CF276956A95A): 0
LogDevObjectVersion:   Dev-Rendering (12F88B9F-8875-4AFC-A67C-D90C383ABD29): 12
LogDevObjectVersion:   Dev-Sequencer (7B5AE74C-D270-4C10-A958-57980B212A5A): 1
LogDevObjectVersion:   Dev-VR (D7296918-1DD6-4BDD-9DE2-64A83CC13884): 0
LogInit: Compiled (64-bit): Jan  6 2017 10:49:43
LogInit: Compiled with Visual C++: 19.00.23026.00
LogInit: Build Configuration: Development
LogInit: Branch Name: ++UE4+Release-4.14
LogInit: Command line: 
LogInit: Base directory: D:/UE_4.14/Engine/Binaries/Win64/
LogInit: Installed Engine Build: 1
LogInit: Presizing for max 8388607 objects, including 0 objects not considered by GC, pre-allocating 0 bytes for permanent pool.
LogInit: Object subsystem initialized
[2024.01.10-23.05.19:509][  0]LogInit: Selected Device Profile: [Windows]
[2024.01.10-23.05.19:509][  0]LogInit: Applying CVar settings loaded from the selected device profile: [Windows]
[2024.01.10-23.05.19:529][  0]LogInit: Computer: SETHS-PC
[2024.01.10-23.05.19:529][  0]LogInit: User: Seth
[2024.01.10-23.05.19:529][  0]LogInit: CPU Page size=65536, Cores=6
[2024.01.10-23.05.19:529][  0]LogInit: High frequency timer resolution =10.000000 MHz
[2024.01.10-23.05.19:529][  0]LogMemory: Memory total: Physical=31.9GB (32GB approx)
[2024.01.10-23.05.19:529][  0]LogMemory: Platform Memory Stats for Windows
[2024.01.10-23.05.19:529][  0]LogMemory: Process Physical Memory: 265.87 MB used, 265.87 MB peak
[2024.01.10-23.05.19:529][  0]LogMemory: Process Virtual Memory: 262.59 MB used, 262.59 MB peak
[2024.01.10-23.05.19:529][  0]LogMemory: Physical Memory: 8206.47 MB used,  24500.08 MB free, 32706.55 MB total
[2024.01.10-23.05.19:529][  0]LogMemory: Virtual Memory: 4797.42 MB used,  24500.08 MB free, 134217728.00 MB total
[2024.01.10-23.05.19:811][  0]LogTextLocalizationManager: No specific translations for ('en-US') exist, so ('en') translations will be used.
[2024.01.10-23.05.22:508][  0]LogD3D11RHI: D3D11 adapters:
[2024.01.10-23.05.22:680][  0]LogD3D11RHI:    0. 'NVIDIA GeForce GTX 1660' (Feature Level 11_0)
[2024.01.10-23.05.22:680][  0]LogD3D11RHI:       5981/0/16353 MB DedicatedVideo/DedicatedSystem/SharedSystem, Outputs:2, VendorId:0x10de
[2024.01.10-23.05.22:683][  0]LogD3D11RHI:    1. 'Microsoft Basic Render Driver' (Feature Level 11_0)
[2024.01.10-23.05.22:683][  0]LogD3D11RHI:       0/0/16353 MB DedicatedVideo/DedicatedSystem/SharedSystem, Outputs:0, VendorId:0x1414
[2024.01.10-23.05.22:683][  0]LogD3D11RHI: Chosen D3D11 Adapter: 0
[2024.01.10-23.05.22:688][  0]LogD3D11RHI: Creating new Direct3DDevice
[2024.01.10-23.05.22:688][  0]LogD3D11RHI:     GPU DeviceId: 0x2184 (for the marketing name, search the web for "GPU Device Id")
[2024.01.10-23.05.22:688][  0]LogWindows: EnumDisplayDevices:
[2024.01.10-23.05.22:688][  0]LogWindows:    0. 'NVIDIA GeForce GTX 1660' (P:1 D:1)
[2024.01.10-23.05.22:688][  0]LogWindows:    1. 'NVIDIA GeForce GTX 1660' (P:0 D:1)
[2024.01.10-23.05.22:688][  0]LogWindows:    2. 'NVIDIA GeForce GTX 1660' (P:0 D:0)
[2024.01.10-23.05.22:688][  0]LogWindows:    3. 'NVIDIA GeForce GTX 1660' (P:0 D:0)
[2024.01.10-23.05.22:689][  0]LogWindows: DebugString: GetVideoDriverDetailsInvalid PrimaryIsNotTheChoosenAdapter GetVideoDriverDetailsInvalid PrimaryIsNotTheChoosenAdapter GetVideoDriverDetailsInvalid PrimaryIsNotTheChoosenAdapter GetVideoDriverDetailsInvalid PrimaryIsNotTheChoosenAdapter FoundDriverCount:0 
[2024.01.10-23.05.22:689][  0]LogD3D11RHI:     Adapter Name: NVIDIA GeForce GTX 1660
[2024.01.10-23.05.22:689][  0]LogD3D11RHI:   Driver Version: Unknown (internal:Unknown, unified:Unknown)
[2024.01.10-23.05.22:689][  0]LogD3D11RHI:      Driver Date: Unknown
[2024.01.10-23.05.22:689][  0]LogRHI: Texture pool is 1361 MB (70% of 1945 MB)
[2024.01.10-23.05.22:805][  0]LogD3D11RHI: Async texture creation enabled
[2024.01.10-23.05.22:841][  0]LogD3D11RHI: GPU Timing Frequency: 1000.000000 (Debug: 2 2)
[2024.01.10-23.05.22:842][  0]LogShaderCompilers: Guid format shader working directory is 8 characters bigger than the processId version (../../../../Unreal_4_Projects/Pinball/Intermediate/Shaders/WorkingDirectory/4696/).
[2024.01.10-23.05.22:842][  0]LogShaderCompilers: Cleaned the shader compiler working directory 'C:/Users/Seth/AppData/Local/Temp/UnrealShaderWorkingDir/EB051C3D4D11020CFA972A8F89B0E731/'.
[2024.01.10-23.05.22:842][  0]LogShaderCompilers:Display: Using Local Shader Compiler.
[2024.01.10-23.05.25:326][  0]LogTemp:Display: Loaded TP AllDesktopTargetPlatform
[2024.01.10-23.05.25:373][  0]LogTemp:Display: Loaded TP MacClientTargetPlatform
[2024.01.10-23.05.25:420][  0]LogTemp:Display: Loaded TP MacNoEditorTargetPlatform
[2024.01.10-23.05.25:466][  0]LogTemp:Display: Loaded TP MacServerTargetPlatform
[2024.01.10-23.05.25:513][  0]LogTemp:Display: Loaded TP MacTargetPlatform
[2024.01.10-23.05.25:559][  0]LogTemp:Display: Loaded TP WindowsClientTargetPlatform
[2024.01.10-23.05.25:605][  0]LogTemp:Display: Loaded TP WindowsNoEditorTargetPlatform
[2024.01.10-23.05.25:652][  0]LogTemp:Display: Loaded TP WindowsServerTargetPlatform
[2024.01.10-23.05.25:690][  0]LogTemp:Display: Loaded TP WindowsTargetPlatform
[2024.01.10-23.05.25:736][  0]LogTemp:Display: Loaded TP AndroidTargetPlatform
[2024.01.10-23.05.25:781][  0]LogTemp:Display: Loaded TP Android_ASTCTargetPlatform
[2024.01.10-23.05.25:827][  0]LogTemp:Display: Loaded TP Android_ATCTargetPlatform
[2024.01.10-23.05.25:872][  0]LogTemp:Display: Loaded TP Android_DXTTargetPlatform
[2024.01.10-23.05.25:918][  0]LogTemp:Display: Loaded TP Android_ETC1TargetPlatform
[2024.01.10-23.05.25:965][  0]LogTemp:Display: Loaded TP Android_ETC2TargetPlatform
[2024.01.10-23.05.26:056][  0]LogTemp:Display: Loaded TP Android_MultiTargetPlatform
[2024.01.10-23.05.26:056][  0]LogTemp:Display: Loaded TP Android_PVRTCTargetPlatform
[2024.01.10-23.05.26:090][  0]LogTemp:Display: Loaded TP HTML5TargetPlatform
[2024.01.10-23.05.26:166][  0]LogTemp:Display: Loaded TP IOSTargetPlatform
[2024.01.10-23.05.26:196][  0]LogTemp:Display: Loaded TP TVOSTargetPlatform
[2024.01.10-23.05.26:242][  0]LogTemp:Display: Loaded TP LinuxClientTargetPlatform
[2024.01.10-23.05.26:292][  0]LogTemp:Display: Loaded TP LinuxNoEditorTargetPlatform
[2024.01.10-23.05.26:339][  0]LogTemp:Display: Loaded TP LinuxServerTargetPlatform
[2024.01.10-23.05.26:385][  0]LogTemp:Display: Loaded TP LinuxTargetPlatform
[2024.01.10-23.05.26:385][  0]LogTargetPlatformManager:Display: Building Assets For Windows
[2024.01.10-23.05.26:733][  0]LogDerivedDataCache:Display: Max Cache Size: 512 MB
[2024.01.10-23.05.26:773][  0]LogDerivedDataCache: Loaded boot cache 0.04s 50MB C:/Users/Seth/AppData/Local/UnrealEngine/4.14/DerivedDataCache/Boot.ddc.
[2024.01.10-23.05.26:773][  0]LogDerivedDataCache:Display: Loaded Boot cache: C:/Users/Seth/AppData/Local/UnrealEngine/4.14/DerivedDataCache/Boot.ddc
[2024.01.10-23.05.26:773][  0]LogDerivedDataCache: FDerivedDataBackendGraph:  Pak pak cache file ../../../../Unreal_4_Projects/Pinball/DerivedDataCache/DDC.ddp not found, will not use a pak cache.
[2024.01.10-23.05.26:773][  0]LogDerivedDataCache: Unable to find inner node Pak for hierarchical cache Hierarchy.
[2024.01.10-23.05.26:773][  0]LogDerivedDataCache: FDerivedDataBackendGraph:  CompressedPak pak cache file ../../../../Unreal_4_Projects/Pinball/DerivedDataCache/Compressed.ddp not found, will not use a pak cache.
[2024.01.10-23.05.26:773][  0]LogDerivedDataCache: Unable to find inner node CompressedPak for hierarchical cache Hierarchy.
[2024.01.10-23.05.26:786][  0]LogDerivedDataCache:Display: Pak cache opened for reading ../../../Engine/DerivedDataCache/Compressed.ddp.
[2024.01.10-23.05.26:798][  0]LogDerivedDataCache: Using Local data cache path C:/Users/Seth/AppData/Local/UnrealEngine/Common/DerivedDataCache: Writable
[2024.01.10-23.05.26:971][  0]LogInit: Selected Device Profile: [Windows]
[2024.01.10-23.05.26:974][  0]LogContentStreaming: Texture pool size is 0.00 MB
[2024.01.10-23.05.27:147][  0]LogMeshUtilities: Using QuadricMeshReduction for automatic static mesh reduction
[2024.01.10-23.05.27:185][  0]LogSimplygon: Simplygon DLL not present - disabling.
[2024.01.10-23.05.27:224][  0]LogMeshUtilities: Using SimplygonSwarm for distributed automatic mesh merging
[2024.01.10-23.05.27:224][  0]LogMeshUtilities: No automatic skeletal mesh reduction module available
[2024.01.10-23.05.27:224][  0]LogMeshUtilities: No automatic mesh merging module available
[2024.01.10-23.05.27:638][  0]LogNetVersion: GetLocalNetworkVersion: CL: 3195953, ProjectName: pinball, ProjectVersion: , EngineNetworkVersion: 2, GameNetworkVersion: 0, NetworkChecksum: 1748929517
[2024.01.10-23.05.27:688][  0]LogAssetRegistry: FAssetRegistry took 0.0215 seconds to start up
[2024.01.10-23.05.27:723][  0]LogPackageLocalizationCache: Processed 3 localized package path(s) for 2 prioritized culture(s) in 0.017602 seconds
[2024.01.10-23.05.27:729][  0]LogUObjectArray: 31946 objects as part of root set at end of initial load.
[2024.01.10-23.05.27:729][  0]LogUObjectAllocator: 6935848 out of 0 bytes used by permanent object pool.
[2024.01.10-23.05.27:729][  0]LogUObjectArray: CloseDisregardForGC: 0/0 objects in disregard for GC pool
[2024.01.10-23.05.27:785][  0]LogInit: WinSock: version 1.1 (2.2), MaxSocks=32767, MaxUdp=65467
[2024.01.10-23.05.28:447][  0]LogSlate: Using Freetype 2.6.0
[2024.01.10-23.05.28:447][  0]LogSlate: SlateFontCache - WITH_FREETYPE: 1, WITH_HARFBUZZ: 1
[2024.01.10-23.05.28:447][  0]LogSlate: SlateFontCache - WITH_FREETYPE: 1, WITH_HARFBUZZ: 1
[2024.01.10-23.05.29:196][  0]LogTcpMessaging: Initializing TcpMessaging bridge
[2024.01.10-23.05.29:247][  0]LogUdpMessaging: Initializing bridge on interface 0.0.0.0:0 to multicast group 230.0.0.1:6666.
[2024.01.10-23.05.29:525][  0]LogMaterial: Uniform references updated for custom material expression Custom.
[2024.01.10-23.05.29:877][  0]SourceControl: Info Source control is disabled
[2024.01.10-23.05.29:926][  0]SourceControl: Info Source control is disabled
[2024.01.10-23.05.29:966][  0]SourceControl: Info Source control is disabled
[2024.01.10-23.05.30:006][  0]SourceControl: Info Source control is disabled
[2024.01.10-23.05.31:161][  0]LogEngine: Initializing Engine...
[2024.01.10-23.05.31:162][  0]LogHMD: Failed to initialize OpenVR with code 110
[2024.01.10-23.05.31:368][  0]LogAIModule: Creating AISystem for world Untitled
[2024.01.10-23.05.31:394][  0]LogInit: XAudio2 using 'Speakers (USB2.0 Device)' : 2 channels at 48 kHz using 16 bits per sample (channel mask 0x3)
[2024.01.10-23.05.31:413][  0]LogInit: FAudioDevice initialized.
[2024.01.10-23.05.31:433][  0]LogDerivedDataCache: Saved boot cache 0.02s 50MB C:/Users/Seth/AppData/Local/UnrealEngine/4.14/DerivedDataCache/Boot.ddc.
[2024.01.10-23.05.31:436][  0]LogInit: Texture streaming: Enabled
[2024.01.10-23.05.31:598][  0]LogInit: Transaction tracking system initialized
[2024.01.10-23.05.31:937][  0]BlueprintLog: New page: Editor Load
[2024.01.10-23.05.32:776][  0]LocalizationService: Info Localization service is disabled
[2024.01.10-23.05.33:360][  0]LogConsoleResponse:Display: 
[2024.01.10-23.05.33:474][  0]LogFileCache: Scanning file cache for directory 'D:/Unreal_4_Projects/Pinball/Content/' took 0.01s
[2024.01.10-23.05.33:474][  0]LogCook:Display: Max memory allowance for cook 16384mb min free memory 0mb
[2024.01.10-23.05.33:474][  0]LogCook:Display: Mobile HDR setting 1
[2024.01.10-23.05.34:299][  0]SourceControl: Info Source control is disabled
[2024.01.10-23.05.34:300][  0]Cmd: MAP LOAD FILE="../../../Engine/Content/Maps/Templates/Template_Default.umap" TEMPLATE=1 SHOWPROGRESS=1 FEATURELEVEL=3
[2024.01.10-23.05.34:300][  0]LightingResults: New page: Lighting Build
[2024.01.10-23.05.34:336][  0]MapCheck: New page: Map Check
[2024.01.10-23.05.34:336][  0]LightingResults: New page: Lighting Build
[2024.01.10-23.05.34:504][  0]LogAIModule: Creating AISystem for world Untitled_1
[2024.01.10-23.05.34:504][  0]LogActorComponent: RegisterComponentWithWorld: (/Temp/Untitled_1.Untitled_1:PersistentLevel.WorldSettings_1.StaticMeshComponent0) Trying to register component with IsPendingKill() == true. Aborting.
[2024.01.10-23.05.34:508][  0]LogEditorServer: Finished looking for orphan Actors (0.000 secs)
[2024.01.10-23.05.34:511][  0]Cmd: MAP CHECKDEP NOCLEARLOG
[2024.01.10-23.05.34:543][  0]MapCheck: Info Map check complete: 0 Error(s), 0 Warning(s), took 32.105ms to complete.
[2024.01.10-23.05.34:543][  0]LogFileHelpers: Loading map 'Template_Default' took 0.244
[2024.01.10-23.05.34:713][  0]LogCollectionManager: Loaded 0 collections in 0.000720 seconds
[2024.01.10-23.05.34:800][  0]LogFileCache: Scanning file cache for directory 'D:/Unreal_4_Projects/Pinball/Saved/Collections/' took 0.01s
[2024.01.10-23.05.34:800][  0]LogFileCache: Scanning file cache for directory 'D:/Unreal_4_Projects/Pinball/Content/Developers/Seth/Collections/' took 0.01s
[2024.01.10-23.05.34:800][  0]LogFileCache: Scanning file cache for directory 'D:/Unreal_4_Projects/Pinball/Content/Collections/' took 0.01s
[2024.01.10-23.05.34:800][  0]LogCollectionManager: Rebuilt the GUID cache for 0 collections in 0.000002 seconds
[2024.01.10-23.05.34:810][  0]LogContentBrowser: Native class hierarchy populated in 0.0076 seconds. Added 2190 classes and 428 folders.
[2024.01.10-23.05.34:846][  0]LogStats: UGameplayTagsManager::ConstructGameplayTagTree: Construct from data asset -  0.000 s
[2024.01.10-23.05.34:846][  0]LogStats: UGameplayTagsManager::ConstructGameplayTagTree: GameplayTagTreeChangedEvent.Broadcast -  0.000 s
[2024.01.10-23.05.34:847][  0]LogContentBrowser: Native class hierarchy updated for 'GameplayTags' in 0.0005 seconds. Added 13 classes and 0 folders.
[2024.01.10-23.05.34:899][  0]LogContentBrowser: Native class hierarchy updated for 'WidgetCarousel' in 0.0004 seconds. Added 0 classes and 0 folders.
[2024.01.10-23.05.35:380][  0]LogContentBrowser: Native class hierarchy updated for 'AddContentDialog' in 0.0004 seconds. Added 0 classes and 0 folders.
[2024.01.10-23.05.35:421][  0]LogContentBrowser: Native class hierarchy updated for 'SceneOutliner' in 0.0004 seconds. Added 1 classes and 2 folders.
[2024.01.10-23.05.35:483][  0]LogCrashTracker: Crashtracker disabled due to settings.
[2024.01.10-23.05.35:498][  0]LogUObjectGlobals:Warning: Failed to find object 'Class None.'
[2024.01.10-23.05.35:556][  0]LogContentBrowser: Native class hierarchy updated for 'HierarchicalLODOutliner' in 0.0005 seconds. Added 1 classes and 2 folders.
[2024.01.10-23.05.35:556][  0]LogLoad: (Engine Initialization) Total time: 18.25 seconds
[2024.01.10-23.05.35:556][  0]LogLoad: (Engine Initialization) Total Blueprint compile time: 0.07 seconds
[2024.01.10-23.05.35:556][  0]LogExternalProfiler: Found external profiler: VSPerf
[2024.01.10-23.05.35:556][  0]LogExternalProfiler: Using external profiler: VSPerf
[2024.01.10-23.05.35:899][  0]LogOcInput: OculusInput pre-init called
[2024.01.10-23.05.35:913][  0]LogAssetRegistry: Asset discovery search completed in 8.2472 seconds
[2024.01.10-23.05.35:913][  0]LogCollectionManager: Rebuilt the object cache for 0 collections in 0.000000 seconds (found 0 objects)
[2024.01.10-23.05.35:913][  0]LogCollectionManager: Fixed up redirectors for 0 collections in 0.000016 seconds (updated 0 objects)
[2024.01.10-23.05.35:917][  0]LogContentStreaming: Texture pool size now 1000 MB
[2024.01.10-23.05.36:102][  0]LogRenderer: Reallocating scene render targets to support 1208x656 NumSamples 1 (Frame:2).
[2024.01.10-23.55.18:174][726]LogFactory: FactoryCreateFile: StaticMesh with FbxFactory (0 0 C:\Users\Seth\Downloads\PinballAssets\PinballAssets\BallSphere.FBX)
[2024.01.10-23.55.18:194][726]LogFbx: ItemName: GlobalSettings, ItemCount : 1
[2024.01.10-23.55.18:194][726]LogFbx: ItemName: AnimationStack, ItemCount : 1
[2024.01.10-23.55.18:194][726]LogFbx: ItemName: AnimationLayer, ItemCount : 1
[2024.01.10-23.55.18:194][726]LogFbx: ItemName: Model, ItemCount : 1
[2024.01.10-23.55.18:194][726]LogFbx: ItemName: Geometry, ItemCount : 1
[2024.01.10-23.55.18:194][726]LogFbx: ItemName: Material, ItemCount : 1
[2024.01.10-23.55.18:200][726]LogFbx: Loading FBX Scene from C:\Users\Seth\Downloads\PinballAssets\PinballAssets\BallSphere.FBX
[2024.01.10-23.55.18:208][726]LogFbx: FBX Scene Loaded Succesfully
[2024.01.10-23.55.59:847][726]LogFbx: Loading FBX Scene from C:\Users\Seth\Downloads\PinballAssets\PinballAssets\BallSphere.FBX
[2024.01.10-23.55.59:853][726]LogFbx: FBX Scene Loaded Succesfully
[2024.01.10-23.55.59:862][726]LogStaticMesh: Building static mesh BallSphere...
[2024.01.10-23.55.59:876][726]LogStaticMesh: Built static mesh [0.01s] /Game/Assets/BallSphere.BallSphere
[2024.01.10-23.55.59:882][726]FBXImport:Warning: Warning No smoothing group information was found in this FBX scene.  Please make sure to enable the 'Export Smoothing Groups' option in the FBX Exporter plug-in before exporting the file.  Even for tools that don't support smoothing groups, the FBX Exporter will generate appropriate smoothing data at export-time so that correct vertex normals can be inferred while importing. 
[2024.01.10-23.56.02:982][ 70]LogFileHelpers: Editor autosave (incl. sublevels) for '/Temp/Untitled_1' took 0.009
[2024.01.10-23.56.02:984][ 70]OBJ SavePackage: Generating thumbnails for [1] asset(s) in package [/Game/Assets/BallSphere] ([1] browsable assets)...
[2024.01.10-23.56.02:995][ 70]OBJ SavePackage:     Rendered thumbnail for [StaticMesh /Game/Assets/BallSphere.BallSphere]
[2024.01.10-23.56.02:995][ 70]OBJ SavePackage: Finished generating thumbnails for package [/Game/Assets/BallSphere]
[2024.01.10-23.56.02:995][ 70]Cmd: OBJ SAVEPACKAGE PACKAGE="/Game/Assets/BallSphere" FILE="../../../../Unreal_4_Projects/Pinball/Saved/Autosaves/Game/Assets/BallSphere_Auto1.uasset" SILENT=false AUTOSAVING=true
[2024.01.10-23.56.03:006][ 70]LogSavePackage: Save=10.38ms
[2024.01.10-23.56.03:006][ 70]LogSavePackage: Moving '../../../../Unreal_4_Projects/Pinball/Saved/BallSphere_Auto1098BCEAF4901CCCA93BF2DB011E9E003.tmp' to '../../../../Unreal_4_Projects/Pinball/Saved/Autosaves/Game/Assets/BallSphere_Auto1.uasset'
[2024.01.10-23.56.03:007][ 70]LogSavePackage:Display: Finished SavePackage ../../../../Unreal_4_Projects/Pinball/Saved/Autosaves/Game/Assets/BallSphere_Auto1.uasset
[2024.01.10-23.56.03:007][ 70]LogFileHelpers: Auto-saving content packages took 0.024
[2024.01.10-23.56.06:436][327]Cmd: OBJ SAVEPACKAGE PACKAGE="/Game/Assets/BallSphere" FILE="../../../../Unreal_4_Projects/Pinball/Content/Assets/BallSphere.uasset" SILENT=true
[2024.01.10-23.56.06:446][327]LogSavePackage: Save=9.04ms
[2024.01.10-23.56.06:446][327]LogSavePackage: Moving '../../../../Unreal_4_Projects/Pinball/Saved/BallSphereED7FE85A430B28C5C632BA961BF1C71A.tmp' to '../../../../Unreal_4_Projects/Pinball/Content/Assets/BallSphere.uasset'
[2024.01.10-23.56.06:447][327]LogSavePackage:Display: Finished SavePackage ../../../../Unreal_4_Projects/Pinball/Content/Assets/BallSphere.uasset
[2024.01.10-23.57.08:355][752]LogEditorViewport: Clicking on Actor (LMB): StaticMeshActor (Floor)
[2024.01.10-23.57.31:311][391]Cmd: OBJ SAVEPACKAGE PACKAGE="/Game/Assets/M_SimpleMetal" FILE="../../../../Unreal_4_Projects/Pinball/Content/Assets/M_SimpleMetal.uasset" SILENT=true
[2024.01.10-23.57.31:321][391]LogSavePackage: Save=9.33ms
[2024.01.10-23.57.31:321][391]LogSavePackage: Moving '../../../../Unreal_4_Projects/Pinball/Saved/M_SimpleMetal27DD6CBA485F03AD4C15CF985A4DB66F.tmp' to '../../../../Unreal_4_Projects/Pinball/Content/Assets/M_SimpleMetal.uasset'
[2024.01.10-23.57.31:322][391]LogSavePackage:Display: Finished SavePackage ../../../../Unreal_4_Projects/Pinball/Content/Assets/M_SimpleMetal.uasset
[2024.01.10-23.57.37:219][ 65]Cmd: OBJ SAVEPACKAGE PACKAGE="/Game/Assets/NewMaterial" FILE="../../../../Unreal_4_Projects/Pinball/Content/Assets/NewMaterial.uasset" SILENT=true
[2024.01.10-23.57.37:220][ 65]LogSavePackage: Save=0.76ms
[2024.01.10-23.57.37:221][ 65]LogSavePackage: Moving '../../../../Unreal_4_Projects/Pinball/Saved/NewMaterial9E8BD2E6443C216857B5BEB989364926.tmp' to '../../../../Unreal_4_Projects/Pinball/Content/Assets/NewMaterial.uasset'
[2024.01.10-23.57.37:222][ 65]LogSavePackage:Display: Finished SavePackage ../../../../Unreal_4_Projects/Pinball/Content/Assets/NewMaterial.uasset
[2024.01.10-23.57.56:927][511]LogMaterial: Missing cached shader map for material M_SimpleMetal, compiling. 
[2024.01.10-23.57.57:024][511]LogMaterial: Missing cached shader map for material M_SimpleMetal, compiling. 
[2024.01.10-23.57.57:033][511]LogMaterial: 0.00 seconds spent updating 1 materials, 1 interfaces, 0 instances, 0 with static permutations.
[2024.01.10-23.58.00:474][676]MaterialEditorStats: Info Base pass shader with only dynamic lighting: 22 instructions
[2024.01.10-23.58.00:474][676]MaterialEditorStats: Info Vertex shader: 29 instructions
[2024.01.10-23.58.00:474][676]MaterialEditorStats: Info Texture samplers: 0/16
[2024.01.10-23.58.11:602][307]LogMaterial: Missing cached shader map for material M_SimpleMetal, compiling. 
[2024.01.10-23.58.11:610][307]LogMaterial: 0.00 seconds spent updating 1 materials, 1 interfaces, 0 instances, 0 with static permutations.
[2024.01.10-23.58.12:491][411]MaterialEditorStats: Info Base pass shader with only dynamic lighting: 22 instructions
[2024.01.10-23.58.12:491][411]MaterialEditorStats: Info Vertex shader: 29 instructions
[2024.01.10-23.58.12:491][411]MaterialEditorStats: Info Texture samplers: 0/16
[2024.01.10-23.58.29:761][883]LogMaterial: Missing cached shader map for material M_SimpleMetal, compiling. 
[2024.01.10-23.58.29:768][883]LogMaterial: 0.00 seconds spent updating 1 materials, 1 interfaces, 0 instances, 0 with static permutations.
[2024.01.10-23.58.30:650][988]MaterialEditorStats: Info Base pass shader with only dynamic lighting: 22 instructions
[2024.01.10-23.58.30:650][988]MaterialEditorStats: Info Vertex shader: 29 instructions
[2024.01.10-23.58.30:650][988]MaterialEditorStats: Info Texture samplers: 0/16
[2024.01.10-23.58.36:464][685]LogMaterial: Missing cached shader map for material FMatExpressionPreview MaterialExpressionConstant_0, compiling. 
[2024.01.10-23.58.45:155][728]LogMaterial: Missing cached shader map for material M_SimpleMetal, compiling. 
[2024.01.10-23.58.45:163][728]LogMaterial: 0.00 seconds spent updating 1 materials, 1 interfaces, 0 instances, 0 with static permutations.
[2024.01.10-23.58.46:000][829]MaterialEditorStats: Info Base pass shader with only dynamic lighting: 22 instructions
[2024.01.10-23.58.46:000][829]MaterialEditorStats: Info Vertex shader: 29 instructions
[2024.01.10-23.58.46:000][829]MaterialEditorStats: Info Texture samplers: 0/16
[2024.01.10-23.58.48:703][153]LogMaterial: Missing cached shader map for material M_SimpleMetal, compiling. 
[2024.01.10-23.58.48:710][153]LogMaterial: 0.00 seconds spent updating 1 materials, 1 interfaces, 0 instances, 0 with static permutations.
[2024.01.10-23.58.49:523][251]MaterialEditorStats: Info Base pass shader with only dynamic lighting: 22 instructions
[2024.01.10-23.58.49:523][251]MaterialEditorStats: Info Vertex shader: 29 instructions
[2024.01.10-23.58.49:523][251]MaterialEditorStats: Info Texture samplers: 0/16
[2024.01.10-23.59.00:388][651]LogMaterial: Missing cached shader map for material M_SimpleMetal, compiling. 
[2024.01.10-23.59.00:395][651]LogMaterial: 0.00 seconds spent updating 1 materials, 1 interfaces, 0 instances, 0 with static permutations.
[2024.01.10-23.59.01:222][749]MaterialEditorStats: Info Base pass shader with only dynamic lighting: 22 instructions
[2024.01.10-23.59.01:222][749]MaterialEditorStats: Info Vertex shader: 29 instructions
[2024.01.10-23.59.01:222][749]MaterialEditorStats: Info Texture samplers: 0/16
[2024.01.10-23.59.03:365][  5]LogMaterial: Missing cached shader map for material M_SimpleMetal, compiling. 
[2024.01.10-23.59.03:372][  5]LogMaterial: 0.00 seconds spent updating 1 materials, 1 interfaces, 0 instances, 0 with static permutations.
[2024.01.10-23.59.04:236][109]MaterialEditorStats: Info Base pass shader with only dynamic lighting: 22 instructions
[2024.01.10-23.59.04:236][109]MaterialEditorStats: Info Vertex shader: 29 instructions
[2024.01.10-23.59.04:236][109]MaterialEditorStats: Info Texture samplers: 0/16
[2024.01.10-23.59.06:973][437]LogMaterial: Missing cached shader map for material M_SimpleMetal, compiling. 
[2024.01.10-23.59.06:981][437]LogMaterial: 0.00 seconds spent updating 1 materials, 1 interfaces, 0 instances, 0 with static permutations.
[2024.01.10-23.59.07:827][539]MaterialEditorStats: Info Base pass shader with only dynamic lighting: 22 instructions
[2024.01.10-23.59.07:827][539]MaterialEditorStats: Info Vertex shader: 29 instructions
[2024.01.10-23.59.07:827][539]MaterialEditorStats: Info Texture samplers: 0/16
[2024.01.10-23.59.38:483][949]LogMaterial: Missing cached shader map for material M_SimpleMetal, compiling. 
[2024.01.10-23.59.38:490][949]LogMaterial: 0.00 seconds spent updating 1 materials, 1 interfaces, 0 instances, 0 with static permutations.
[2024.01.10-23.59.38:491][949]LogMaterial: Missing cached shader map for material FMatExpressionPreview MaterialExpressionVectorParameter_0, compiling. 
[2024.01.10-23.59.39:601][ 80]MaterialEditorStats: Info Base pass shader with only dynamic lighting: 22 instructions
[2024.01.10-23.59.39:601][ 80]MaterialEditorStats: Info Vertex shader: 29 instructions
[2024.01.10-23.59.39:601][ 80]MaterialEditorStats: Info Texture samplers: 0/16
[2024.01.11-00.00.03:758][713]LogMaterial: Missing cached shader map for material M_SimpleMetal, compiling. 
[2024.01.11-00.00.03:766][713]LogMaterial: 0.00 seconds spent updating 1 materials, 1 interfaces, 0 instances, 0 with static permutations.
[2024.01.11-00.00.03:796][713]LogMaterial: Missing cached shader map for material FMatExpressionPreview MaterialExpressionVectorParameter_0, compiling. 
[2024.01.11-00.00.11:738][666]MaterialEditorStats: Info Base pass shader with only dynamic lighting: 22 instructions
[2024.01.11-00.00.11:738][666]MaterialEditorStats: Info Vertex shader: 29 instructions
[2024.01.11-00.00.11:738][666]MaterialEditorStats: Info Texture samplers: 0/16
[2024.01.11-00.00.25:239][855]LogMaterial: Missing cached shader map for material M_SimpleMetal, compiling. 
[2024.01.11-00.00.25:247][855]LogMaterial: 0.00 seconds spent updating 1 materials, 1 interfaces, 0 instances, 0 with static permutations.
[2024.01.11-00.00.25:273][855]LogMaterial: Missing cached shader map for material FMatExpressionPreview MaterialExpressionVectorParameter_0, compiling. 
[2024.01.11-00.00.26:389][989]MaterialEditorStats: Info Base pass shader with only dynamic lighting: 22 instructions
[2024.01.11-00.00.26:389][989]MaterialEditorStats: Info Vertex shader: 29 instructions
[2024.01.11-00.00.26:389][989]MaterialEditorStats: Info Texture samplers: 0/16
[2024.01.11-00.00.46:292][459]LogMaterial: Missing cached shader map for material M_SimpleMetal, compiling. 
[2024.01.11-00.00.46:299][459]LogMaterial: 0.00 seconds spent updating 1 materials, 1 interfaces, 0 instances, 0 with static permutations.
[2024.01.11-00.00.46:328][459]LogMaterial: Missing cached shader map for material FMatExpressionPreview MaterialExpressionVectorParameter_0, compiling. 
[2024.01.11-00.00.47:160][559]MaterialEditorStats: Info Base pass shader with only dynamic lighting: 22 instructions
[2024.01.11-00.00.47:160][559]MaterialEditorStats: Info Vertex shader: 29 instructions
[2024.01.11-00.00.47:160][559]MaterialEditorStats: Info Texture samplers: 0/16
[2024.01.11-00.00.49:904][888]LogMaterial: Missing cached shader map for material M_SimpleMetal, compiling. 
[2024.01.11-00.00.49:911][888]LogMaterial: 0.00 seconds spent updating 1 materials, 1 interfaces, 0 instances, 0 with static permutations.
[2024.01.11-00.00.49:941][888]LogMaterial: Missing cached shader map for material FMatExpressionPreview MaterialExpressionVectorParameter_0, compiling. 
[2024.01.11-00.00.50:773][988]MaterialEditorStats: Info Base pass shader with only dynamic lighting: 22 instructions
[2024.01.11-00.00.50:773][988]MaterialEditorStats: Info Vertex shader: 29 instructions
[2024.01.11-00.00.50:773][988]MaterialEditorStats: Info Texture samplers: 0/16
[2024.01.11-00.00.53:896][362]LogMaterial: Missing cached shader map for material M_SimpleMetal, compiling. 
[2024.01.11-00.00.53:903][362]LogMaterial: 0.00 seconds spent updating 1 materials, 1 interfaces, 0 instances, 0 with static permutations.
[2024.01.11-00.00.53:932][362]LogMaterial: Missing cached shader map for material FMatExpressionPreview MaterialExpressionVectorParameter_0, compiling. 
[2024.01.11-00.00.54:772][463]MaterialEditorStats: Info Base pass shader with only dynamic lighting: 22 instructions
[2024.01.11-00.00.54:772][463]MaterialEditorStats: Info Vertex shader: 29 instructions
[2024.01.11-00.00.54:772][463]MaterialEditorStats: Info Texture samplers: 0/16
[2024.01.11-00.00.57:308][767]LogMaterial: Missing cached shader map for material M_SimpleMetal, compiling. 
[2024.01.11-00.00.57:316][767]LogMaterial: 0.00 seconds spent updating 1 materials, 1 interfaces, 0 instances, 0 with static permutations.
[2024.01.11-00.00.57:345][767]LogMaterial: Missing cached shader map for material FMatExpressionPreview MaterialExpressionVectorParameter_0, compiling. 
[2024.01.11-00.00.58:168][866]MaterialEditorStats: Info Base pass shader with only dynamic lighting: 22 instructions
[2024.01.11-00.00.58:168][866]MaterialEditorStats: Info Vertex shader: 29 instructions
[2024.01.11-00.00.58:168][866]MaterialEditorStats: Info Texture samplers: 0/16
[2024.01.11-00.00.59:839][ 66]LogMaterial: Missing cached shader map for material M_SimpleMetal, compiling. 
[2024.01.11-00.00.59:847][ 66]LogMaterial: 0.00 seconds spent updating 1 materials, 1 interfaces, 0 instances, 0 with static permutations.
[2024.01.11-00.00.59:876][ 66]LogMaterial: Missing cached shader map for material FMatExpressionPreview MaterialExpressionVectorParameter_0, compiling. 
[2024.01.11-00.01.00:911][190]MaterialEditorStats: Info Base pass shader with only dynamic lighting: 22 instructions
[2024.01.11-00.01.00:912][190]MaterialEditorStats: Info Vertex shader: 29 instructions
[2024.01.11-00.01.00:912][190]MaterialEditorStats: Info Texture samplers: 0/16
[2024.01.11-00.01.02:489][379]LogMaterial: Missing cached shader map for material M_SimpleMetal, compiling. 
[2024.01.11-00.01.02:496][379]LogMaterial: 0.00 seconds spent updating 1 materials, 1 interfaces, 0 instances, 0 with static permutations.
[2024.01.11-00.01.02:527][379]LogMaterial: Missing cached shader map for material FMatExpressionPreview MaterialExpressionVectorParameter_0, compiling. 
[2024.01.11-00.01.03:359][479]MaterialEditorStats: Info Base pass shader with only dynamic lighting: 22 instructions
[2024.01.11-00.01.03:359][479]MaterialEditorStats: Info Vertex shader: 29 instructions
[2024.01.11-00.01.03:359][479]MaterialEditorStats: Info Texture samplers: 0/16
[2024.01.11-00.01.14:537][350]LogMaterial: Missing cached shader map for material M_SimpleMetal, compiling. 
[2024.01.11-00.01.14:545][350]LogMaterial: 0.00 seconds spent updating 1 materials, 1 interfaces, 0 instances, 0 with static permutations.
[2024.01.11-00.01.14:572][350]LogMaterial: Missing cached shader map for material FMatExpressionPreview MaterialExpressionVectorParameter_0, compiling. 
[2024.01.11-00.01.15:455][456]MaterialEditorStats: Info Base pass shader with only dynamic lighting: 22 instructions
[2024.01.11-00.01.15:455][456]MaterialEditorStats: Info Vertex shader: 29 instructions
[2024.01.11-00.01.15:455][456]MaterialEditorStats: Info Texture samplers: 0/16
[2024.01.11-00.01.16:840][622]LogMaterial: Missing cached shader map for material M_SimpleMetal, compiling. 
[2024.01.11-00.01.16:848][622]LogMaterial: 0.00 seconds spent updating 1 materials, 1 interfaces, 0 instances, 0 with static permutations.
[2024.01.11-00.01.16:876][622]LogMaterial: Missing cached shader map for material FMatExpressionPreview MaterialExpressionVectorParameter_0, compiling. 
[2024.01.11-00.01.17:725][724]MaterialEditorStats: Info Base pass shader with only dynamic lighting: 22 instructions
[2024.01.11-00.01.17:725][724]MaterialEditorStats: Info Vertex shader: 29 instructions
[2024.01.11-00.01.17:725][724]MaterialEditorStats: Info Texture samplers: 0/16
[2024.01.11-00.01.18:836][857]LogMaterial: Missing cached shader map for material M_SimpleMetal, compiling. 
[2024.01.11-00.01.18:843][857]LogMaterial: 0.00 seconds spent updating 1 materials, 1 interfaces, 0 instances, 0 with static permutations.
[2024.01.11-00.01.18:872][857]LogMaterial: Missing cached shader map for material FMatExpressionPreview MaterialExpressionVectorParameter_0, compiling. 
[2024.01.11-00.01.19:761][963]MaterialEditorStats: Info Base pass shader with only dynamic lighting: 22 instructions
[2024.01.11-00.01.19:761][963]MaterialEditorStats: Info Vertex shader: 29 instructions
[2024.01.11-00.01.19:761][963]MaterialEditorStats: Info Texture samplers: 0/16
[2024.01.11-00.01.20:737][ 80]LogMaterial: Missing cached shader map for material M_SimpleMetal, compiling. 
[2024.01.11-00.01.20:745][ 80]LogMaterial: 0.00 seconds spent updating 1 materials, 1 interfaces, 0 instances, 0 with static permutations.
[2024.01.11-00.01.20:770][ 80]LogMaterial: Missing cached shader map for material FMatExpressionPreview MaterialExpressionVectorParameter_0, compiling. 
[2024.01.11-00.01.21:636][184]MaterialEditorStats: Info Base pass shader with only dynamic lighting: 22 instructions
[2024.01.11-00.01.21:636][184]MaterialEditorStats: Info Vertex shader: 29 instructions
[2024.01.11-00.01.21:636][184]MaterialEditorStats: Info Texture samplers: 0/16
[2024.01.11-00.01.22:564][295]LogMaterial: Missing cached shader map for material M_SimpleMetal, compiling. 
[2024.01.11-00.01.22:571][295]LogMaterial: 0.00 seconds spent updating 1 materials, 1 interfaces, 0 instances, 0 with static permutations.
[2024.01.11-00.01.22:601][295]LogMaterial: Missing cached shader map for material FMatExpressionPreview MaterialExpressionVectorParameter_0, compiling. 
[2024.01.11-00.01.23:623][416]MaterialEditorStats: Info Base pass shader with only dynamic lighting: 22 instructions
[2024.01.11-00.01.23:623][416]MaterialEditorStats: Info Vertex shader: 29 instructions
[2024.01.11-00.01.23:623][416]MaterialEditorStats: Info Texture samplers: 0/16
[2024.01.11-00.01.25:417][631]LogMaterial: Missing cached shader map for material M_SimpleMetal, compiling. 
[2024.01.11-00.01.25:425][631]LogMaterial: 0.00 seconds spent updating 1 materials, 1 interfaces, 0 instances, 0 with static permutations.
[2024.01.11-00.01.25:451][631]LogMaterial: Missing cached shader map for material FMatExpressionPreview MaterialExpressionVectorParameter_0, compiling. 
[2024.01.11-00.01.26:291][732]MaterialEditorStats: Info Base pass shader with only dynamic lighting: 22 instructions
[2024.01.11-00.01.26:292][732]MaterialEditorStats: Info Vertex shader: 29 instructions
[2024.01.11-00.01.26:292][732]MaterialEditorStats: Info Texture samplers: 0/16
[2024.01.11-00.01.27:277][850]LogMaterial: Missing cached shader map for material M_SimpleMetal, compiling. 
[2024.01.11-00.01.27:285][850]LogMaterial: 0.00 seconds spent updating 1 materials, 1 interfaces, 0 instances, 0 with static permutations.
[2024.01.11-00.01.27:311][850]LogMaterial: Missing cached shader map for material FMatExpressionPreview MaterialExpressionVectorParameter_0, compiling. 
[2024.01.11-00.01.28:143][950]MaterialEditorStats: Info Base pass shader with only dynamic lighting: 22 instructions
[2024.01.11-00.01.28:143][950]MaterialEditorStats: Info Vertex shader: 29 instructions
[2024.01.11-00.01.28:143][950]MaterialEditorStats: Info Texture samplers: 0/16
[2024.01.11-00.01.39:023][745]LogMaterialEditor: Saving and Compiling material M_SimpleMetal
[2024.01.11-00.01.40:374][745]LogMaterial: Missing cached shader map for material M_SimpleMetal, compiling. 
[2024.01.11-00.01.40:388][745]LogMaterial: 0.00 seconds spent updating 1 materials, 1 interfaces, 0 instances, 0 with static permutations.
[2024.01.11-00.01.40:407][745]LogMaterial: Missing cached shader map for material M_SimpleMetal, compiling. 
[2024.01.11-00.01.40:424][745]LogMaterial: Missing cached shader map for material M_SimpleMetal, compiling. 
[2024.01.11-00.01.40:435][745]LogMaterial: 0.00 seconds spent updating 1 materials, 1 interfaces, 0 instances, 0 with static permutations.
[2024.01.11-00.01.42:319][745]Cmd: OBJ SAVEPACKAGE PACKAGE="/Game/Assets/M_SimpleMetal" FILE="../../../../Unreal_4_Projects/Pinball/Content/Assets/M_SimpleMetal.uasset" SILENT=true
[2024.01.11-00.01.42:331][745]LogSavePackage: Save=10.92ms
[2024.01.11-00.01.42:331][745]LogSavePackage: Moving '../../../../Unreal_4_Projects/Pinball/Saved/M_SimpleMetal811A6AD642077B5112B1189C38546307.tmp' to '../../../../Unreal_4_Projects/Pinball/Content/Assets/M_SimpleMetal.uasset'
[2024.01.11-00.01.42:333][745]LogSavePackage:Display: Finished SavePackage ../../../../Unreal_4_Projects/Pinball/Content/Assets/M_SimpleMetal.uasset
[2024.01.11-00.01.42:338][745]MaterialEditorStats: Info Base pass shader with only dynamic lighting: 57 instructions
[2024.01.11-00.01.42:338][745]MaterialEditorStats: Info Vertex shader: 29 instructions
[2024.01.11-00.01.42:338][745]MaterialEditorStats: Info Texture samplers: 3/16
[2024.01.11-00.01.48:983][ 18]LogRenderer: Reallocating scene render targets to support 1432x924 NumSamples 1 (Frame:20452).
[2024.01.11-00.02.06:360][830]Cmd: OBJ SAVEPACKAGE PACKAGE="/Game/Assets/BallSphere" FILE="../../../../Unreal_4_Projects/Pinball/Content/Assets/BallSphere.uasset" SILENT=true
[2024.01.11-00.02.06:371][830]LogSavePackage: Save=9.37ms
[2024.01.11-00.02.06:371][830]LogSavePackage: Moving '../../../../Unreal_4_Projects/Pinball/Saved/BallSphere5D54F201460B34A36B9DD7BE3ECBD2D6.tmp' to '../../../../Unreal_4_Projects/Pinball/Content/Assets/BallSphere.uasset'
[2024.01.11-00.02.06:372][830]LogSavePackage:Display: Finished SavePackage ../../../../Unreal_4_Projects/Pinball/Content/Assets/BallSphere.uasset
[2024.01.11-00.02.30:963][175]Cmd: OBJ SAVEPACKAGE PACKAGE="/Game/Assets/BallSphere" FILE="../../../../Unreal_4_Projects/Pinball/Content/Assets/BallSphere.uasset" SILENT=true
[2024.01.11-00.02.30:966][175]LogSavePackage: Save=2.13ms
[2024.01.11-00.02.30:966][175]LogSavePackage: Moving '../../../../Unreal_4_Projects/Pinball/Saved/BallSphereF1CFCE5B4FA6B81CC92A24A022963BB2.tmp' to '../../../../Unreal_4_Projects/Pinball/Content/Assets/BallSphere.uasset'
[2024.01.11-00.02.30:967][175]LogSavePackage:Display: Finished SavePackage ../../../../Unreal_4_Projects/Pinball/Content/Assets/BallSphere.uasset
[2024.01.11-00.02.37:899][990]LogActorFactory: Actor Factory created BallSphere
[2024.01.11-00.02.38:745][ 90]LogActorFactory: Actor Factory created BallSphere
[2024.01.11-00.02.53:908][532]LogEditorViewport: Clicking on Actor (LMB): BP_Sky_Sphere_C (Sky Sphere)
[2024.01.11-00.02.54:681][612]LogEditorViewport: Clicking on Actor (LMB): StaticMeshActor (BallSphere)
[2024.01.11-00.02.56:834][866]LogTemp: Repeting last play command: Selected Viewport
[2024.01.11-00.02.56:840][866]LogPlayLevel: PlayLevel: No blueprints needed recompiling
[2024.01.11-00.02.56:840][866]PIE: New page: PIE session: Untitled_1 (Jan 10, 2024, 10:02:56 AM)
[2024.01.11-00.02.56:841][866]LogPlayLevel: Creating play world package: /Temp/UEDPIE_0_Untitled_1
[2024.01.11-00.02.56:842][866]LogPlayLevel: PIE: StaticDuplicateObject took: (0.001630s)
[2024.01.11-00.02.56:843][866]LogAIModule: Creating AISystem for world Untitled_1
[2024.01.11-00.02.56:843][866]LogPlayLevel: PIE: World Init took: (0.000585s)
[2024.01.11-00.02.56:843][866]LogPlayLevel: PIE: Created PIE world by copying editor world from /Temp/Untitled_1.Untitled_1 to /Temp/UEDPIE_0_Untitled_1.Untitled_1 (0.002567s)
[2024.01.11-00.02.56:865][866]LogInit: XAudio2 using 'Speakers (USB2.0 Device)' : 2 channels at 48 kHz using 16 bits per sample (channel mask 0x3)
[2024.01.11-00.02.56:875][866]LogInit: FAudioDevice initialized.
[2024.01.11-00.02.56:932][866]LogLoad: Game class is 'GameModeBase'
[2024.01.11-00.02.56:934][866]LogWorld: Bringing World /Temp/UEDPIE_0_Untitled_1.Untitled_1 up for play (max tick rate 0) at 2024.01.10-17.02.56
[2024.01.11-00.02.56:935][866]LogWorld: Bringing up level for play took: 0.000767
[2024.01.11-00.02.56:970][866]LogContentBrowser: Native class hierarchy updated for 'MovieSceneCapture' in 0.0005 seconds. Added 11 classes and 0 folders.
[2024.01.11-00.02.56:972][866]PIE: Info Play in editor start time for /Temp/UEDPIE_0_Untitled_1 -0.248
[2024.01.11-00.03.01:951][449]LogEditorViewport: Clicking on Actor (LMB): StaticMeshActor (BallSphere)
[2024.01.11-00.03.04:383][737]LogTemp: Repeting last play command: Selected Viewport
[2024.01.11-00.03.04:387][737]LogPlayLevel: PlayLevel: No blueprints needed recompiling
[2024.01.11-00.03.04:387][737]PIE: New page: PIE session: Untitled_1 (Jan 10, 2024, 10:03:04 AM)
[2024.01.11-00.03.04:387][737]LogPlayLevel: Creating play world package: /Temp/UEDPIE_0_Untitled_1
[2024.01.11-00.03.04:388][737]LogPlayLevel: PIE: StaticDuplicateObject took: (0.001459s)
[2024.01.11-00.03.04:389][737]LogAIModule: Creating AISystem for world Untitled_1
[2024.01.11-00.03.04:389][737]LogPlayLevel: PIE: World Init took: (0.000480s)
[2024.01.11-00.03.04:389][737]LogPlayLevel: PIE: Created PIE world by copying editor world from /Temp/Untitled_1.Untitled_1 to /Temp/UEDPIE_0_Untitled_1.Untitled_1 (0.002121s)
[2024.01.11-00.03.04:410][737]LogInit: XAudio2 using 'Speakers (USB2.0 Device)' : 2 channels at 48 kHz using 16 bits per sample (channel mask 0x3)
[2024.01.11-00.03.04:420][737]LogInit: FAudioDevice initialized.
[2024.01.11-00.03.04:450][737]LogLoad: Game class is 'GameModeBase'
[2024.01.11-00.03.04:453][737]LogWorld: Bringing World /Temp/UEDPIE_0_Untitled_1.Untitled_1 up for play (max tick rate 0) at 2024.01.10-17.03.04
[2024.01.11-00.03.04:453][737]LogWorld: Bringing up level for play took: 0.000982
[2024.01.11-00.03.04:454][737]PIE: Info Play in editor start time for /Temp/UEDPIE_0_Untitled_1 -0.766
[2024.01.11-00.03.09:084][279]LogEditorViewport: Clicking on Actor (LMB): BP_Sky_Sphere_C (Sky Sphere)
[2024.01.11-00.03.23:238][371]LogEditorViewport: Clicking on Actor (LMB): StaticMeshActor (BallSphere)
[2024.01.11-00.03.27:407][836]Cmd: DELETE
[2024.01.11-00.03.27:407][836]Cmd: ACTOR DELETE
[2024.01.11-00.03.27:409][836]LogEditorActor: Deleted Actor: StaticMeshActor
[2024.01.11-00.03.27:415][836]LogEditorActor: Deleted 1 Actors (0.006 secs)
[2024.01.11-00.03.59:064][928]Cmd: OBJ SAVEPACKAGE PACKAGE="/Game/Maps/PinballMap" FILE="../../../../Unreal_4_Projects/Pinball/Content/Maps/PinballMap.umap" SILENT=true AUTOSAVING=false KEEPDIRTY=false
